tag: 
learn: normal
env: RandDynObstEnv-v1
render: False
scenario: 
control_mode: position
model_path: 
play_epoch: best
epochs: 350
cycles: 50
num_envs: 10
train_batches: 50
batch_size: 256
timesteps: 80
env_n_substeps: 20
num_obst: 1
gamma: 0.98
pi_lr: 0.001
q_lr: 0.001
act_l2: 1.0
polyak: 0.95
actor_layer_sizes: [512, 256, 128]
actor_batch_norm: [False, False, False]
critic_layer_sizes: [512, 256, 128]
critic_batch_norm: [False, False, False]
obj_lost_reward: -0.3
collision_reward: -0.5
clip_return: True
reward_min: -1.0
reward_max: 0.0
eps_act: 0.3
std_act: 0.2
buffer_size: 20000
buffer_type: energy
her: future
her_ratio: 0.8
pool_rule: full
goal_based: True
cur_acc: 0.0
obs_dims: [46]
acts_dims: [4]
compute_reward: <bound method RandDynObstEnv.compute_reward of <envs.rand_dyn_env.RandDynObstEnv object at 0x7f37752ac2b0>>
*** agent initialization complete ***
*** tester initialization complete ***


Epoch               Episodes            TimeCost(sec)       Actor_Loss          Critic_Loss         Success             CollisionsAvg       ExRewardAvg         Range               
1/350               500                 87.8                12.77               0.18                0.2                 0.6                 -88.71              0.1                 
2/350               1000                86.47               18.61               0.26                0.17                0.61                -90.93              0.1                 
3/350               1500                86.53               19.5                0.27                0.19                0.0                 -89.03              0.1                 
4/350               2000                87.32               19.52               0.23                0.24                1.0                 -85.68              0.1                 
5/350               2500                87.24               19.65               0.25                0.19                0.13                -89.07              0.1                 
6/350               3000                86.71               19.87               0.24                0.19                0.02                -89.11              0.1                 
7/350               3500                87.04               20.02               0.25                0.25                0.33                -84.46              0.1                 
8/350               4000                87.96               19.99               0.24                0.17                0.06                -90.19              0.1                 
9/350               4500                87.26               20.15               0.2                 0.24                0.39                -85.22              0.1                 
10/350              5000                87.42               20.11               0.22                0.19                0.9                 -90.0               0.1                 


Epoch               Episodes            TimeCost(sec)       Actor_Loss          Critic_Loss         Success             CollisionsAvg       ExRewardAvg         Range               
11/350              5500                86.98               20.15               0.22                0.18                0.05                -89.76              0.1                 
12/350              6000                87.32               20.22               0.21                0.29                0.02                -81.17              0.1                 
13/350              6500                86.09               20.19               0.22                0.26                0.02                -83.55              0.1                 
14/350              7000                87.0                20.23               0.21                0.25                0.0                 -84.47              0.1                 
15/350              7500                86.77               20.27               0.18                0.21                0.26                -87.55              0.1                 
16/350              8000                86.99               20.27               0.19                0.15                0.0                 -92.19              0.1                 
17/350              8500                87.93               20.36               0.19                0.15                0.11                -92.26              0.1                 
18/350              9000                87.44               20.32               0.18                0.22                0.0                 -86.72              0.1                 
19/350              9500                87.44               20.36               0.17                0.27                0.0                 -82.65              0.1                 
20/350              10000               86.64               20.37               0.17                0.15                0.0                 -92.24              0.1                 


Epoch               Episodes            TimeCost(sec)       Actor_Loss          Critic_Loss         Success             CollisionsAvg       ExRewardAvg         Range               
21/350              10500               87.66               20.37               0.18                0.29                0.0                 -81.29              0.1                 
22/350              11000               87.64               20.32               0.18                0.2                 0.0                 -88.14              0.1                 
23/350              11500               87.81               20.36               0.18                0.22                0.0                 -86.68              0.1                 
24/350              12000               86.9                20.42               0.2                 0.15                0.09                -92.32              0.1                 
25/350              12500               87.92               20.39               0.19                0.22                0.46                -86.87              0.1                 
26/350              13000               87.96               20.4                0.17                0.2                 0.0                 -88.21              0.1                 
27/350              13500               88.13               20.37               0.19                0.26                0.0                 -83.65              0.1                 
28/350              14000               87.69               20.37               0.16                0.26                1.87                -84.67              0.1                 
29/350              14500               86.85               20.43               0.18                0.12                0.03                -94.63              0.1                 
30/350              15000               87.42               20.49               0.16                0.27                0.0                 -82.93              0.1                 


Epoch               Episodes            TimeCost(sec)       Actor_Loss          Critic_Loss         Success             CollisionsAvg       ExRewardAvg         Range               
31/350              15500               87.4                20.48               0.18                0.17                1.2                 -91.23              0.1                 
32/350              16000               87.27               20.5                0.17                0.2                 0.0                 -88.26              0.1                 
33/350              16500               87.96               20.47               0.18                0.16                0.03                -91.36              0.1                 
34/350              17000               87.96               20.47               0.17                0.19                0.3                 -89.24              0.1                 
35/350              17500               87.73               20.48               0.16                0.24                0.0                 -85.28              0.1                 
36/350              18000               87.77               20.46               0.17                0.2                 0.0                 -88.27              0.1                 
37/350              18500               88.11               20.51               0.17                0.2                 0.3                 -88.37              0.1                 
38/350              19000               87.81               20.45               0.15                0.16                0.0                 -91.36              0.1                 
39/350              19500               88.09               20.46               0.17                0.2                 0.0                 -88.33              0.1                 
40/350              20000               88.14               20.41               0.16                0.2                 0.02                -88.35              0.1                 


Epoch               Episodes            TimeCost(sec)       Actor_Loss          Critic_Loss         Success             CollisionsAvg       ExRewardAvg         Range               
41/350              20500               89.45               20.34               0.17                0.23                0.63                -86.13              0.1                 
42/350              21000               88.94               20.37               0.16                0.23                0.9                 -86.75              0.1                 
43/350              21500               88.44               20.41               0.17                0.25                0.1                 -84.84              0.1                 
44/350              22000               88.76               20.45               0.17                0.26                1.14                -84.16              0.1                 
45/350              22500               87.71               20.45               0.17                0.24                0.08                -85.11              0.1                 
46/350              23000               88.29               20.43               0.16                0.22                0.12                -86.72              0.1                 
47/350              23500               88.47               20.48               0.18                0.14                0.0                 -92.99              0.1                 
48/350              24000               88.86               20.48               0.17                0.27                0.0                 -83.42              0.1                 
49/350              24500               88.85               20.44               0.16                0.2                 0.0                 -88.42              0.1                 
50/350              25000               88.77               20.45               0.15                0.22                0.05                -86.72              0.1                 


Epoch               Episodes            TimeCost(sec)       Actor_Loss          Critic_Loss         Success             CollisionsAvg       ExRewardAvg         Range               
51/350              25500               88.45               20.48               0.16                0.19                0.94                -89.56              0.1                 
52/350              26000               88.68               20.41               0.16                0.17                0.71                -91.13              0.1                 
53/350              26500               88.72               20.43               0.16                0.17                0.61                -90.95              0.1                 
54/350              27000               88.77               20.44               0.16                0.18                0.41                -90.68              0.1                 
55/350              27500               88.25               20.42               0.15                0.23                0.0                 -85.86              0.1                 
56/350              28000               89.55               20.38               0.14                0.22                0.06                -86.67              0.1                 
57/350              28500               88.26               20.37               0.15                0.15                0.0                 -92.2               0.1                 
58/350              29000               89.07               20.47               0.14                0.24                0.12                -85.23              0.1                 
59/350              29500               89.28               20.39               0.14                0.28                0.7                 -82.5               0.1                 
60/350              30000               89.84               20.39               0.14                0.2                 0.82                -88.83              0.1                 


Epoch               Episodes            TimeCost(sec)       Actor_Loss          Critic_Loss         Success             CollisionsAvg       ExRewardAvg         Range               
61/350              30500               88.58               20.35               0.16                0.19                0.0                 -88.98              0.1                 
62/350              31000               88.67               20.36               0.15                0.25                1.51                -84.92              0.1                 
63/350              31500               89.15               20.36               0.15                0.22                0.41                -87.32              0.1                 
64/350              32000               88.73               20.45               0.16                0.17                0.1                 -91.11              0.1                 
65/350              32500               88.87               20.5                0.17                0.33                0.02                -77.95              0.1                 
66/350              33000               88.56               20.41               0.16                0.24                0.0                 -85.07              0.1                 
67/350              33500               88.74               20.39               0.16                0.24                0.09                -85.12              0.1                 
68/350              34000               88.9                20.38               0.15                0.26                0.09                -83.6               0.1                 
69/350              34500               89.13               20.34               0.15                0.19                0.31                -89.15              0.1                 
70/350              35000               88.96               20.37               0.14                0.19                0.07                -88.97              0.1                 


Epoch               Episodes            TimeCost(sec)       Actor_Loss          Critic_Loss         Success             CollisionsAvg       ExRewardAvg         Range               
71/350              35500               89.0                20.3                0.15                0.26                0.09                -83.58              0.1                 
72/350              36000               90.18               20.32               0.17                0.21                0.31                -87.72              0.1                 
73/350              36500               89.51               20.41               0.16                0.23                0.0                 -85.94              0.1                 
74/350              37000               89.61               20.34               0.16                0.23                0.09                -85.97              0.1                 
75/350              37500               88.84               20.31               0.17                0.25                0.1                 -84.88              0.1                 
76/350              38000               89.4                20.38               0.17                0.16                0.54                -91.67              0.1                 
77/350              38500               89.25               20.41               0.17                0.16                0.01                -91.55              0.1                 
78/350              39000               89.63               20.35               0.15                0.23                0.12                -85.88              0.1                 
79/350              39500               89.32               20.27               0.14                0.32                0.27                -79.1               0.1                 
80/350              40000               90.07               20.33               0.14                0.26                0.45                -84.14              0.1                 


Epoch               Episodes            TimeCost(sec)       Actor_Loss          Critic_Loss         Success             CollisionsAvg       ExRewardAvg         Range               
81/350              40500               89.68               20.33               0.16                0.26                0.24                -83.91              0.1                 
82/350              41000               89.91               20.33               0.15                0.23                0.22                -85.95              0.1                 
83/350              41500               89.76               20.31               0.15                0.23                0.0                 -85.98              0.1                 
84/350              42000               90.0                20.36               0.15                0.22                0.94                -87.24              0.1                 
85/350              42500               89.64               20.45               0.17                0.24                0.0                 -85.9               0.1                 
86/350              43000               90.34               20.47               0.16                0.23                0.87                -86.58              0.1                 
87/350              43500               91.18               20.48               0.17                0.19                0.0                 -88.97              0.1                 
88/350              44000               89.56               20.5                0.17                0.21                0.27                -87.59              0.1                 
89/350              44500               89.96               20.38               0.18                0.27                0.09                -82.79              0.1                 
90/350              45000               89.66               20.36               0.18                0.12                0.0                 -94.56              0.1                 


Epoch               Episodes            TimeCost(sec)       Actor_Loss          Critic_Loss         Success             CollisionsAvg       ExRewardAvg         Range               
91/350              45500               89.54               20.44               0.18                0.23                0.66                -86.32              0.1                 
92/350              46000               89.62               20.35               0.18                0.22                0.0                 -87.46              0.1                 
93/350              46500               89.54               20.37               0.17                0.15                0.62                -92.44              0.1                 
94/350              47000               90.75               20.33               0.18                0.2                 0.06                -88.63              0.1                 
95/350              47500               89.79               20.25               0.19                0.26                0.05                -83.65              0.1                 
96/350              48000               90.74               20.23               0.19                0.2                 0.09                -88.48              0.1                 
97/350              48500               90.02               20.09               0.17                0.26                0.18                -83.63              0.1                 
98/350              49000               89.47               20.11               0.18                0.33                0.08                -78.43              0.1                 
99/350              49500               90.63               20.15               0.17                0.17                0.18                -90.93              0.1                 
100/350             50000               90.49               20.06               0.18                0.23                0.39                -86.89              0.1                 


Epoch               Episodes            TimeCost(sec)       Actor_Loss          Critic_Loss         Success             CollisionsAvg       ExRewardAvg         Range               
101/350             50500               90.11               19.99               0.19                0.22                0.0                 -86.73              0.1                 
102/350             51000               90.05               17.05               0.25                0.23                0.61                -86.36              0.1                 
103/350             51500               91.11               18.62               0.23                0.31                0.38                -80.4               0.1                 
104/350             52000               90.57               19.93               0.23                0.28                0.08                -82.7               0.1                 
105/350             52500               91.12               20.05               0.23                0.22                0.6                 -87.38              0.1                 
106/350             53000               90.99               20.11               0.25                0.25                0.09                -84.53              0.1                 
107/350             53500               90.67               20.15               0.25                0.28                0.29                -82.22              0.1                 
108/350             54000               90.4                20.07               0.25                0.23                0.13                -86.33              0.1                 
109/350             54500               90.54               20.11               0.25                0.29                0.77                -82.48              0.1                 
110/350             55000               91.55               20.02               0.26                0.23                0.21                -86.63              0.1                 


Epoch               Episodes            TimeCost(sec)       Actor_Loss          Critic_Loss         Success             CollisionsAvg       ExRewardAvg         Range               
111/350             55500               90.99               20.23               0.25                0.23                0.29                -86.14              0.1                 
112/350             56000               91.27               20.28               0.29                0.24                0.82                -85.48              0.1                 
113/350             56500               91.93               20.21               0.27                0.27                0.59                -83.25              0.1                 
114/350             57000               92.46               20.13               0.26                0.25                3.12                -85.54              0.1                 
115/350             57500               91.68               20.27               0.28                0.24                1.83                -85.89              0.1                 
116/350             58000               93.1                20.11               0.28                0.25                2.72                -86.24              0.1                 
117/350             58500               91.27               20.15               0.3                 0.25                0.84                -85.42              0.1                 
118/350             59000               91.75               20.3                0.31                0.22                1.36                -87.37              0.1                 
119/350             59500               91.72               20.36               0.31                0.25                0.17                -84.48              0.1                 
120/350             60000               91.1                20.46               0.3                 0.27                0.39                -82.93              0.1                 


Epoch               Episodes            TimeCost(sec)       Actor_Loss          Critic_Loss         Success             CollisionsAvg       ExRewardAvg         Range               
121/350             60500               92.76               20.39               0.29                0.18                1.08                -90.95              0.1                 
122/350             61000               92.05               20.31               0.32                0.22                1.92                -87.82              0.1                 
123/350             61500               93.82               14.8                0.44                0.3                 1.61                -81.41              0.1                 
124/350             62000               93.92               13.38               0.4                 0.29                2.2                 -82.82              0.1                 
125/350             62500               93.27               14.77               0.4                 0.22                2.76                -86.92              0.1                 
126/350             63000               93.07               15.94               0.4                 0.21                0.71                -88.09              0.1                 
127/350             63500               92.16               17.07               0.37                0.32                0.74                -79.4               0.1                 
128/350             64000               92.34               18.04               0.35                0.22                1.89                -86.26              0.1                 
129/350             64500               92.77               18.63               0.35                0.3                 0.94                -80.96              0.1                 
130/350             65000               91.84               19.45               0.38                0.2                 0.08                -87.64              0.1                 


Epoch               Episodes            TimeCost(sec)       Actor_Loss          Critic_Loss         Success             CollisionsAvg       ExRewardAvg         Range               
131/350             65500               91.92               19.96               0.36                0.19                1.55                -90.57              0.1                 
132/350             66000               92.51               20.36               0.37                0.23                0.32                -86.17              0.1                 
133/350             66500               91.81               20.84               0.39                0.24                0.41                -84.69              0.1                 
134/350             67000               91.38               20.99               0.37                0.23                0.35                -85.66              0.1                 
135/350             67500               91.18               21.15               0.38                0.15                0.5                 -92.4               0.1                 
136/350             68000               91.88               21.34               0.39                0.16                0.45                -91.97              0.1                 
137/350             68500               91.78               21.36               0.39                0.3                 0.27                -80.88              0.1                 
138/350             69000               92.7                21.37               0.4                 0.27                0.93                -83.66              0.1                 
139/350             69500               90.78               21.38               0.41                0.28                0.0                 -81.62              0.1                 
140/350             70000               91.89               21.28               0.44                0.27                0.67                -83.27              0.1                 


Epoch               Episodes            TimeCost(sec)       Actor_Loss          Critic_Loss         Success             CollisionsAvg       ExRewardAvg         Range               
141/350             70500               92.04               21.3                0.44                0.18                0.0                 -89.19              0.1                 
142/350             71000               92.31               21.3                0.44                0.25                0.38                -82.21              0.1                 
143/350             71500               92.12               21.22               0.47                0.32                0.32                -79.19              0.1                 
144/350             72000               92.21               21.02               0.47                0.34                0.12                -78.62              0.1                 
145/350             72500               92.34               21.11               0.49                0.3                 0.54                -80.48              0.1                 
146/350             73000               93.32               20.99               0.5                 0.34                1.17                -78.73              0.1                 
147/350             73500               92.87               21.03               0.54                0.27                0.78                -83.79              0.1                 
148/350             74000               93.11               20.9                0.53                0.21                0.07                -87.82              0.1                 
149/350             74500               92.47               20.82               0.57                0.29                0.36                -80.63              0.1                 
150/350             75000               94.12               20.94               0.58                0.25                0.51                -83.68              0.1                 


Epoch               Episodes            TimeCost(sec)       Actor_Loss          Critic_Loss         Success             CollisionsAvg       ExRewardAvg         Range               
151/350             75500               93.4                20.98               0.59                0.31                0.13                -78.28              0.1                 
152/350             76000               94.02               21.04               0.65                0.36                0.93                -73.61              0.1                 
153/350             76500               93.46               20.87               0.73                0.3                 0.92                -80.03              0.1                 
154/350             77000               94.64               20.57               0.75                0.51                0.02                -62.02              0.1                 
155/350             77500               93.92               20.24               0.8                 0.45                0.2                 -66.2               0.1                 
156/350             78000               94.27               19.93               0.83                0.43                0.02                -69.89              0.1                 
157/350             78500               95.15               19.24               0.88                0.56                0.68                -61.68              0.1                 
158/350             79000               96.17               18.97               0.89                0.64                0.0                 -49.08              0.1                 
159/350             79500               95.33               18.75               0.93                0.72                0.03                -45.73              0.1                 
160/350             80000               95.96               17.89               0.92                0.61                0.65                -54.01              0.1                 


Epoch               Episodes            TimeCost(sec)       Actor_Loss          Critic_Loss         Success             CollisionsAvg       ExRewardAvg         Range               
161/350             80500               96.44               16.56               1.02                0.75                0.0                 -44.58              0.1                 
162/350             81000               97.63               15.1                1.13                0.76                0.08                -34.98              0.1                 
163/350             81500               98.55               11.22               1.13                0.88                0.0                 -29.86              0.1                 
164/350             82000               98.03               9.93                1.26                0.88                0.08                -30.03              0.1                 
165/350             82500               98.15               8.33                1.24                0.86                0.0                 -28.35              0.1                 
166/350             83000               97.75               7.61                1.18                0.79                0.0                 -34.95              0.1                 
167/350             83500               98.64               7.48                1.13                0.86                0.65                -29.57              0.1                 
168/350             84000               98.81               8.13                1.07                0.9                 0.0                 -25.21              0.1                 
169/350             84500               99.71               7.93                1.1                 0.44                0.58                -67.44              0.4                 
170/350             85000               98.72               7.22                1.14                0.74                0.0                 -44.19              0.4                 


Epoch               Episodes            TimeCost(sec)       Actor_Loss          Critic_Loss         Success             CollisionsAvg       ExRewardAvg         Range               
171/350             85500               99.03               7.06                1.1                 0.8                 0.0                 -38.85              0.4                 
172/350             86000               98.67               6.6                 1.09                0.84                0.0                 -37.6               0.4                 
173/350             86500               99.11               6.56                1.09                0.82                0.07                -35.71              0.4                 
174/350             87000               99.69               6.67                1.12                0.89                0.0                 -31.48              0.4                 
175/350             87500               99.94               6.48                1.06                0.82                0.02                -33.38              0.4                 
176/350             88000               100.08              6.19                1.04                0.77                0.0                 -37.93              0.4                 
177/350             88500               100.18              6.14                1.01                0.82                0.13                -31.92              0.4                 
178/350             89000               101.5               5.88                1.01                0.8                 0.0                 -32.06              0.4                 
179/350             89500               99.7                5.7                 1.02                0.84                0.0                 -34.12              0.4                 
180/350             90000               99.96               5.43                1.01                0.96                0.55                -25.79              0.4                 


Epoch               Episodes            TimeCost(sec)       Actor_Loss          Critic_Loss         Success             CollisionsAvg       ExRewardAvg         Range               
181/350             90500               98.44               5.52                0.97                0.54                0.74                -52.81              0.7                 
182/350             91000               99.3                5.64                0.98                0.64                0.18                -49.35              0.7                 
183/350             91500               100.09              5.49                1.0                 0.71                0.0                 -46.25              0.7                 
184/350             92000               98.61               5.27                0.97                0.68                0.94                -46.89              0.7                 
185/350             92500               99.41               5.27                0.98                0.78                0.63                -39.26              0.7                 
186/350             93000               99.39               5.18                0.98                0.76                0.71                -41.19              0.7                 
187/350             93500               99.86               5.24                0.98                0.79                1.27                -40.82              0.7                 
188/350             94000               99.86               5.22                0.94                0.82                0.05                -38.03              0.7                 
189/350             94500               99.63               5.3                 0.95                0.83                0.02                -34.34              0.7                 
190/350             95000               99.83               5.14                0.95                0.86                0.11                -32.04              0.7                 


Epoch               Episodes            TimeCost(sec)       Actor_Loss          Critic_Loss         Success             CollisionsAvg       ExRewardAvg         Range               
191/350             95500               100.35              5.11                0.93                0.9                 0.06                -31.25              0.7                 
192/350             96000               98.16               5.05                0.92                0.45                0.35                -67.07              1.0                 
193/350             96500               98.52               4.98                0.92                0.48                1.56                -62.47              1.0                 
194/350             97000               98.87               5.0                 0.92                0.46                1.14                -63.59              1.0                 
195/350             97500               98.9                5.04                0.88                0.42                1.12                -68.62              1.0                 
196/350             98000               99.65               5.06                0.89                0.46                0.98                -65.37              1.0                 
197/350             98500               98.98               5.08                0.92                0.49                0.49                -63.14              1.0                 
198/350             99000               98.85               5.05                0.9                 0.46                0.53                -63.75              1.0                 
199/350             99500               99.22               5.06                0.91                0.53                0.54                -60.12              1.0                 
200/350             100000              99.57               5.1                 0.88                0.54                1.92                -56.09              1.0                 


Epoch               Episodes            TimeCost(sec)       Actor_Loss          Critic_Loss         Success             CollisionsAvg       ExRewardAvg         Range               
201/350             100500              99.0                5.1                 0.92                0.54                0.04                -56.46              1.0                 
202/350             101000              99.76               5.14                0.92                0.52                1.14                -59.33              1.0                 
203/350             101500              99.69               5.2                 0.86                0.55                0.04                -55.65              1.0                 
204/350             102000              99.81               5.2                 0.88                0.56                0.78                -56.95              1.0                 
205/350             102500              100.62              5.28                0.88                0.63                0.69                -49.65              1.0                 
206/350             103000              100.04              5.35                0.88                0.65                0.41                -45.91              1.0                 
207/350             103500              100.26              5.39                0.88                0.65                1.57                -49.77              1.0                 
208/350             104000              100.08              5.3                 0.87                0.66                0.58                -47.75              1.0                 
209/350             104500              100.16              5.31                0.87                0.59                0.28                -51.58              1.0                 
210/350             105000              100.26              5.34                0.84                0.72                0.38                -45.64              1.0                 


Epoch               Episodes            TimeCost(sec)       Actor_Loss          Critic_Loss         Success             CollisionsAvg       ExRewardAvg         Range               
211/350             105500              100.37              5.37                0.85                0.8                 0.83                -39.23              1.0                 
212/350             106000              100.79              5.31                0.89                0.72                0.97                -43.25              1.0                 
213/350             106500              100.42              5.34                0.84                0.8                 0.11                -35.54              1.0                 
214/350             107000              101.26              5.38                0.84                0.89                1.24                -35.5               1.0                 
215/350             107500              100.55              5.29                0.85                0.75                0.71                -39.16              1.0                 
216/350             108000              100.46              5.38                0.83                0.81                1.01                -37.95              1.0                 
217/350             108500              100.99              5.41                0.86                0.9                 0.52                -29.36              1.0                 
218/350             109000              100.67              5.53                0.86                0.86                1.77                -37.36              1.0                 
219/350             109500              100.73              5.72                0.88                0.82                1.07                -37.12              1.0                 
220/350             110000              100.69              5.75                0.89                0.82                2.17                -37.92              1.0                 


Epoch               Episodes            TimeCost(sec)       Actor_Loss          Critic_Loss         Success             CollisionsAvg       ExRewardAvg         Range               
221/350             110500              100.49              5.85                0.87                0.81                2.91                -36.84              1.0                 
222/350             111000              100.58              5.82                0.87                0.69                2.68                -44.5               1.0                 
223/350             111500              100.22              5.92                0.87                0.84                2.41                -36.98              1.0                 
224/350             112000              101.45              5.84                0.87                0.84                2.19                -35.74              1.0                 
225/350             112500              101.49              5.8                 0.84                0.88                1.63                -35.17              1.0                 
226/350             113000              101.5               5.79                0.89                0.95                1.56                -30.81              1.0                 
227/350             113500              100.97              5.79                0.89                0.79                4.45                -41.37              1.0                 
228/350             114000              101.0               5.82                0.88                0.76                3.83                -42.1               1.0                 
229/350             114500              101.35              5.85                0.92                0.74                3.26                -42.4               1.0                 
230/350             115000              101.63              5.84                0.88                0.83                3.1                 -37.4               1.0                 


Epoch               Episodes            TimeCost(sec)       Actor_Loss          Critic_Loss         Success             CollisionsAvg       ExRewardAvg         Range               
231/350             115500              101.87              5.85                0.89                0.81                2.59                -37.12              1.0                 
232/350             116000              102.12              5.81                0.85                0.82                3.84                -41.7               1.0                 
233/350             116500              102.42              5.8                 0.87                0.81                3.85                -39.8               1.0                 
234/350             117000              102.08              5.84                0.9                 0.86                1.85                -34.73              1.0                 
235/350             117500              102.27              5.87                0.92                0.88                1.22                -31.42              1.0                 
236/350             118000              101.94              5.86                0.88                0.8                 2.34                -38.73              1.0                 
237/350             118500              102.26              5.86                0.88                0.85                5.53                -38.28              1.0                 
238/350             119000              101.56              5.86                0.88                0.86                3.9                 -37.15              1.0                 
239/350             119500              102.02              5.83                0.89                0.92                2.98                -32.89              1.0                 
240/350             120000              101.75              5.85                0.88                0.86                1.97                -34.06              1.0                 


Epoch               Episodes            TimeCost(sec)       Actor_Loss          Critic_Loss         Success             CollisionsAvg       ExRewardAvg         Range               
241/350             120500              102.61              5.8                 0.84                0.9                 2.38                -33.21              1.0                 
242/350             121000              102.34              5.84                0.89                0.89                2.78                -36.15              1.0                 
243/350             121500              102.2               5.85                0.92                0.85                5.38                -40.34              1.0                 
244/350             122000              102.22              5.86                0.9                 0.84                2.62                -36.37              1.0                 
245/350             122500              101.46              5.84                0.91                0.83                4.79                -40.36              1.0                 
246/350             123000              102.12              5.82                0.89                0.84                5.23                -38.42              1.0                 
247/350             123500              102.58              5.82                0.88                0.95                3.12                -29.43              1.0                 
248/350             124000              101.71              5.78                0.91                0.82                5.0                 -35.79              1.0                 
249/350             124500              102.89              5.73                0.86                0.89                3.64                -32.85              1.0                 
250/350             125000              102.51              5.83                0.88                0.9                 2.97                -32.0               1.0                 


Epoch               Episodes            TimeCost(sec)       Actor_Loss          Critic_Loss         Success             CollisionsAvg       ExRewardAvg         Range               
251/350             125500              102.63              5.75                0.91                0.9                 2.99                -33.12              1.0                 
252/350             126000              101.42              5.84                0.89                0.94                3.09                -33.64              1.0                 
253/350             126500              101.62              5.81                0.91                0.93                1.47                -30.55              1.0                 
254/350             127000              101.93              5.88                0.87                0.89                2.91                -32.8               1.0                 
255/350             127500              102.41              5.8                 0.88                0.87                4.87                -34.24              1.0                 
256/350             128000              101.78              5.82                0.86                0.85                2.99                -33.77              1.0                 
257/350             128500              102.21              5.81                0.91                0.85                3.18                -34.06              1.0                 
258/350             129000              102.54              5.84                0.9                 0.94                3.32                -31.16              1.0                 
259/350             129500              102.05              5.88                0.85                0.88                4.29                -35.75              1.0                 
260/350             130000              101.79              5.9                 0.93                0.87                4.2                 -35.03              1.0                 


Epoch               Episodes            TimeCost(sec)       Actor_Loss          Critic_Loss         Success             CollisionsAvg       ExRewardAvg         Range               
261/350             130500              101.59              5.83                0.86                0.8                 5.34                -36.2               1.0                 
262/350             131000              101.51              5.78                0.88                0.91                3.95                -30.66              1.0                 
263/350             131500              102.1               5.73                0.86                0.93                2.96                -31.66              1.0                 
264/350             132000              101.81              5.76                0.87                0.89                2.36                -35.27              1.0                 
265/350             132500              102.37              5.72                0.89                0.88                4.1                 -33.05              1.0                 
266/350             133000              101.89              5.72                0.88                0.94                2.76                -29.34              1.0                 
267/350             133500              102.15              5.7                 0.87                0.91                2.85                -30.82              1.0                 
268/350             134000              102.0               5.63                0.9                 0.85                5.5                 -37.31              1.0                 
269/350             134500              101.9               5.73                0.91                0.89                5.88                -34.94              1.0                 
270/350             135000              102.7               5.69                0.93                0.82                3.77                -36.53              1.0                 


Epoch               Episodes            TimeCost(sec)       Actor_Loss          Critic_Loss         Success             CollisionsAvg       ExRewardAvg         Range               
271/350             135500              102.4               5.72                0.86                0.88                2.93                -32.3               1.0                 
272/350             136000              102.13              5.71                0.88                0.88                3.88                -33.46              1.0                 
273/350             136500              102.14              5.65                0.87                0.98                0.63                -27.03              1.0                 
274/350             137000              102.98              5.71                0.87                0.89                3.78                -32.21              1.0                 
275/350             137500              102.23              5.64                0.86                0.91                2.87                -31.98              1.0                 
276/350             138000              101.42              5.64                0.85                0.93                2.22                -29.43              1.0                 
277/350             138500              101.8               5.71                0.88                0.85                3.05                -35.64              1.0                 
278/350             139000              101.78              5.63                0.92                0.9                 3.19                -33.07              1.0                 
279/350             139500              102.6               5.7                 0.85                0.91                1.07                -28.86              1.0                 
280/350             140000              102.31              5.61                0.86                0.87                1.96                -30.34              1.0                 


Epoch               Episodes            TimeCost(sec)       Actor_Loss          Critic_Loss         Success             CollisionsAvg       ExRewardAvg         Range               
281/350             140500              102.64              5.76                0.81                0.87                5.1                 -34.02              1.0                 
282/350             141000              103.07              5.68                0.82                0.91                2.37                -29.68              1.0                 
283/350             141500              102.85              5.6                 0.86                0.92                3.57                -32.07              1.0                 
284/350             142000              102.63              5.71                0.88                0.91                3.8                 -33.09              1.0                 
285/350             142500              102.73              5.71                0.89                0.9                 4.97                -33.3               1.0                 
286/350             143000              101.93              5.68                0.86                0.87                3.14                -33.0               1.0                 
287/350             143500              102.19              5.69                0.88                0.93                1.4                 -29.4               1.0                 
288/350             144000              103.03              5.7                 0.88                0.89                3.57                -33.74              1.0                 
289/350             144500              102.93              5.71                0.88                0.88                2.79                -32.08              1.0                 
290/350             145000              102.62              5.78                0.84                0.89                2.69                -31.98              1.0                 


Epoch               Episodes            TimeCost(sec)       Actor_Loss          Critic_Loss         Success             CollisionsAvg       ExRewardAvg         Range               
291/350             145500              102.88              5.78                0.87                0.93                1.28                -27.21              1.0                 
292/350             146000              103.39              5.77                0.88                0.9                 3.51                -31.17              1.0                 
293/350             146500              102.21              5.72                0.88                0.94                2.84                -26.58              1.0                 
294/350             147000              103.43              5.65                0.86                0.94                1.96                -27.68              1.0                 
295/350             147500              102.14              5.61                0.84                0.92                3.52                -28.84              1.0                 
296/350             148000              102.87              5.63                0.89                0.91                2.25                -29.21              1.0                 
297/350             148500              104.13              5.61                0.88                0.91                3.32                -32.18              1.0                 
298/350             149000              103.5               5.69                0.88                0.95                1.43                -23.51              1.0                 
299/350             149500              103.45              5.73                0.83                0.95                1.27                -28.36              1.0                 
300/350             150000              105.67              5.7                 0.86                0.91                3.44                -31.51              1.0                 


Epoch               Episodes            TimeCost(sec)       Actor_Loss          Critic_Loss         Success             CollisionsAvg       ExRewardAvg         Range               
301/350             150500              107.41              5.77                0.84                0.94                1.91                -29.64              1.0                 
302/350             151000              107.41              5.67                0.85                0.85                3.39                -33.73              1.0                 
303/350             151500              107.06              5.65                0.85                0.9                 2.88                -33.89              1.0                 
304/350             152000              107.08              5.61                0.82                0.92                2.48                -30.07              1.0                 
305/350             152500              106.34              5.66                0.84                0.81                3.0                 -33.75              1.0                 
306/350             153000              106.41              5.7                 0.85                0.87                3.24                -34.85              1.0                 
307/350             153500              105.48              5.67                0.88                0.89                2.59                -29.6               1.0                 
308/350             154000              110.57              5.66                0.86                0.92                2.67                -30.77              1.0                 
309/350             154500              110.22              5.69                0.85                0.93                2.5                 -32.06              1.0                 
310/350             155000              108.55              5.58                0.86                0.93                3.12                -30.23              1.0                 


Epoch               Episodes            TimeCost(sec)       Actor_Loss          Critic_Loss         Success             CollisionsAvg       ExRewardAvg         Range               
311/350             155500              108.96              5.6                 0.87                0.91                3.66                -31.45              1.0                 
312/350             156000              107.31              5.61                0.86                0.94                1.49                -27.97              1.0                 
313/350             156500              106.63              5.58                0.87                0.98                1.52                -26.78              1.0                 
314/350             157000              106.77              5.57                0.84                0.93                3.77                -31.13              1.0                 
315/350             157500              107.87              5.58                0.88                0.83                5.41                -41.37              1.0                 
316/350             158000              112.21              5.57                0.84                0.9                 3.91                -32.58              1.0                 
317/350             158500              111.59              5.57                0.82                0.94                2.45                -28.47              1.0                 
318/350             159000              110.85              5.57                0.86                0.93                1.92                -29.26              1.0                 
319/350             159500              110.73              5.61                0.84                0.89                1.01                -27.95              1.0                 
320/350             160000              108.95              5.6                 0.82                0.91                4.19                -30.09              1.0                 


Epoch               Episodes            TimeCost(sec)       Actor_Loss          Critic_Loss         Success             CollisionsAvg       ExRewardAvg         Range               
321/350             160500              108.91              5.65                0.83                0.91                2.85                -31.57              1.0                 
322/350             161000              109.35              5.56                0.84                0.9                 3.13                -32.65              1.0                 
323/350             161500              109.67              5.62                0.82                0.92                1.33                -27.04              1.0                 
324/350             162000              116.26              5.58                0.77                0.93                1.67                -26.3               1.0                 
325/350             162500              119.41              5.59                0.85                0.9                 1.37                -27.32              1.0                 
326/350             163000              118.76              5.62                0.85                0.89                4.46                -32.74              1.0                 
327/350             163500              116.78              5.56                0.85                0.87                3.52                -32.04              1.0                 
328/350             164000              115.62              5.6                 0.85                0.89                3.37                -31.25              1.0                 
329/350             164500              116.18              5.61                0.83                0.88                3.57                -30.64              1.0                 
330/350             165000              117.96              5.55                0.89                0.93                1.79                -26.51              1.0                 


Epoch               Episodes            TimeCost(sec)       Actor_Loss          Critic_Loss         Success             CollisionsAvg       ExRewardAvg         Range               
331/350             165500              123.59              5.58                0.83                0.9                 3.67                -29.31              1.0                 
332/350             166000              123.71              5.61                0.89                0.85                3.42                -31.96              1.0                 
333/350             166500              127.04              5.62                0.83                0.88                3.97                -29.67              1.0                 
334/350             167000              122.37              5.53                0.79                0.93                3.83                -31.86              1.0                 
335/350             167500              122.69              5.55                0.84                0.93                4.36                -32.42              1.0                 
336/350             168000              124.36              5.56                0.82                0.94                2.58                -28.21              1.0                 
337/350             168500              120.05              5.6                 0.82                0.91                2.79                -28.52              1.0                 
338/350             169000              127.44              5.53                0.84                0.96                1.39                -26.4               1.0                 
339/350             169500              128.83              5.5                 0.82                0.94                2.41                -28.38              1.0                 
340/350             170000              126.02              5.5                 0.8                 0.93                2.88                -29.8               1.0                 


Epoch               Episodes            TimeCost(sec)       Actor_Loss          Critic_Loss         Success             CollisionsAvg       ExRewardAvg         Range               
341/350             170500              125.48              5.56                0.82                0.9                 3.05                -28.89              1.0                 
342/350             171000              124.75              5.57                0.85                0.93                2.5                 -32.47              1.0                 
343/350             171500              128.97              5.59                0.83                0.9                 2.55                -29.66              1.0                 
344/350             172000              126.98              5.58                0.82                0.91                2.29                -28.65              1.0                 
345/350             172500              132.43              5.63                0.86                0.9                 2.77                -30.98              1.0                 
346/350             173000              131.09              5.58                0.86                0.85                1.76                -32.35              1.0                 
347/350             173500              128.92              5.62                0.82                0.9                 3.77                -31.04              1.0                 
348/350             174000              127.17              5.63                0.84                0.94                2.38                -27.33              1.0                 
349/350             174500              126.41              5.59                0.83                0.92                3.03                -31.24              1.0                 
350/350             175000              127.51              5.62                0.87                0.93                2.48                -28.83              1.0                 
