tag: 
learn: normal
env: RandDynObstEnv-v1
render: True
scenario: 
control_mode: position
model_path: 
play_epoch: best
epochs: 400
cycles: 50
num_envs: 10
train_batches: 50
batch_size: 256
timesteps: 80
env_n_substeps: 20
num_obst: 1
gamma: 0.98
pi_lr: 0.001
q_lr: 0.001
act_l2: 1.0
polyak: 0.95
actor_layer_sizes: [512, 256, 128]
actor_batch_norm: [False, False, False]
critic_layer_sizes: [512, 256, 128]
critic_batch_norm: [False, False, False]
obj_lost_reward: -0.3
collision_reward: -0.5
clip_return: True
reward_min: -1.0
reward_max: 0.0
eps_act: 0.3
std_act: 0.2
buffer_size: 20000
buffer_type: energy
her: future
her_ratio: 0.8
pool_rule: full
goal_based: True
cur_acc: 0.0
obs_dims: [82]
acts_dims: [4]
compute_reward: <bound method RandDynObstEnv.compute_reward of <envs.rand_dyn_env.RandDynObstEnv object at 0x7ff6decbfca0>>
*** agent initialization complete ***
*** tester initialization complete ***


Epoch               Episodes            TimeCost(sec)       Actor_Loss          Critic_Loss         Success             CollisionsAvg       ExRewardAvg         Range               
1/400               500                 104.52              12.72               0.31                0.12                0.06                -94.53              0.1                 
2/400               1000                94.21               18.35               0.43                0.16                0.01                -91.47              0.1                 
3/400               1500                98.48               19.32               0.43                0.14                0.63                -93.31              0.1                 
4/400               2000                97.93               19.63               0.38                0.19                0.0                 -89.0               0.1                 
5/400               2500                95.54               19.81               0.34                0.23                0.34                -86.14              0.1                 
6/400               3000                94.06               19.99               0.35                0.19                0.0                 -88.95              0.1                 
7/400               3500                94.09               20.2                0.35                0.17                0.05                -90.71              0.1                 
8/400               4000                94.3                20.26               0.33                0.2                 0.0                 -88.58              0.1                 
9/400               4500                96.16               20.34               0.33                0.21                0.21                -87.57              0.1                 
10/400              5000                95.71               20.38               0.32                0.1                 0.83                -96.61              0.1                 


Epoch               Episodes            TimeCost(sec)       Actor_Loss          Critic_Loss         Success             CollisionsAvg       ExRewardAvg         Range               
11/400              5500                94.64               20.32               0.32                0.21                0.08                -87.43              0.1                 
12/400              6000                96.81               20.37               0.31                0.18                0.37                -90.1               0.1                 
13/400              6500                92.95               20.42               0.29                0.18                0.0                 -89.93              0.1                 
14/400              7000                96.52               20.49               0.31                0.2                 0.12                -88.47              0.1                 
15/400              7500                90.15               20.44               0.31                0.17                0.58                -90.84              0.1                 
16/400              8000                98.31               20.35               0.29                0.13                0.05                -93.62              0.1                 
17/400              8500                101.16              20.47               0.27                0.11                0.32                -95.25              0.1                 
18/400              9000                98.73               20.47               0.3                 0.13                1.22                -94.34              0.1                 
19/400              9500                98.54               20.57               0.29                0.2                 0.1                 -88.28              0.1                 
20/400              10000               96.89               20.59               0.3                 0.1                 0.06                -96.1               0.1                 


Epoch               Episodes            TimeCost(sec)       Actor_Loss          Critic_Loss         Success             CollisionsAvg       ExRewardAvg         Range               
21/400              10500               94.13               20.65               0.29                0.18                0.25                -89.98              0.1                 
22/400              11000               96.46               20.59               0.3                 0.19                0.0                 -89.0               0.1                 
23/400              11500               100.37              20.62               0.28                0.18                0.11                -90.07              0.1                 
24/400              12000               99.0                20.58               0.28                0.15                0.23                -92.22              0.1                 
25/400              12500               100.95              20.61               0.27                0.16                0.17                -91.45              0.1                 
26/400              13000               95.51               20.62               0.28                0.28                0.11                -81.94              0.1                 
27/400              13500               99.09               20.74               0.27                0.16                0.0                 -91.31              0.1                 
28/400              14000               97.9                20.69               0.27                0.19                0.14                -89.14              0.1                 
29/400              14500               99.67               20.69               0.27                0.13                0.66                -94.06              0.1                 
30/400              15000               98.39               20.73               0.26                0.23                0.0                 -85.95              0.1                 


Epoch               Episodes            TimeCost(sec)       Actor_Loss          Critic_Loss         Success             CollisionsAvg       ExRewardAvg         Range               
31/400              15500               100.04              20.67               0.26                0.15                0.05                -92.29              0.1                 
32/400              16000               96.24               20.68               0.24                0.15                3.33                -93.75              0.1                 
33/400              16500               97.44               20.73               0.25                0.14                0.0                 -93.08              0.1                 
34/400              17000               95.91               20.76               0.25                0.2                 0.74                -88.69              0.1                 
35/400              17500               98.77               20.68               0.28                0.19                1.64                -89.79              0.1                 
36/400              18000               97.41               20.63               0.28                0.18                0.0                 -89.9               0.1                 
37/400              18500               98.1                20.76               0.24                0.16                0.64                -92.01              0.1                 
38/400              19000               99.45               20.86               0.26                0.24                0.09                -85.1               0.1                 
39/400              19500               99.7                20.84               0.25                0.16                1.01                -92.03              0.1                 
40/400              20000               102.41              20.78               0.25                0.09                1.16                -97.49              0.1                 


Epoch               Episodes            TimeCost(sec)       Actor_Loss          Critic_Loss         Success             CollisionsAvg       ExRewardAvg         Range               
41/400              20500               101.91              20.8                0.23                0.22                0.1                 -86.64              0.1                 
42/400              21000               99.06               20.79               0.24                0.21                0.01                -88.37              0.1                 
43/400              21500               98.31               20.79               0.25                0.22                0.1                 -86.92              0.1                 
44/400              22000               96.74               20.8                0.25                0.16                0.67                -91.71              0.1                 
45/400              22500               100.34              20.7                0.24                0.21                0.06                -87.64              0.1                 
46/400              23000               95.68               20.55               0.24                0.25                0.0                 -84.34              0.1                 
47/400              23500               98.3                20.64               0.24                0.23                0.96                -86.9               0.1                 
48/400              24000               97.18               20.72               0.27                0.17                0.37                -91.37              0.1                 
49/400              24500               97.54               20.62               0.27                0.17                0.01                -91.08              0.1                 
50/400              25000               99.75               20.63               0.23                0.12                1.01                -95.55              0.1                 


Epoch               Episodes            TimeCost(sec)       Actor_Loss          Critic_Loss         Success             CollisionsAvg       ExRewardAvg         Range               
51/400              25500               97.14               20.76               0.25                0.14                0.18                -92.99              0.1                 
52/400              26000               98.85               20.68               0.23                0.21                1.28                -88.23              0.1                 
53/400              26500               97.58               20.83               0.24                0.17                0.0                 -91.32              0.1                 
54/400              27000               96.76               20.84               0.24                0.19                0.02                -88.66              0.1                 
55/400              27500               95.71               20.82               0.22                0.23                0.0                 -86.23              0.1                 
56/400              28000               97.13               20.77               0.24                0.19                1.72                -90.47              0.1                 
57/400              28500               99.18               20.77               0.25                0.09                0.0                 -97.22              0.1                 
58/400              29000               100.84              20.8                0.26                0.16                0.32                -91.87              0.1                 
59/400              29500               100.31              20.79               0.24                0.08                0.06                -97.58              0.1                 
60/400              30000               99.36               20.78               0.23                0.14                0.0                 -92.89              0.1                 


Epoch               Episodes            TimeCost(sec)       Actor_Loss          Critic_Loss         Success             CollisionsAvg       ExRewardAvg         Range               
61/400              30500               102.1               20.84               0.26                0.17                0.16                -90.64              0.1                 
62/400              31000               101.31              20.85               0.25                0.14                1.23                -93.58              0.1                 
63/400              31500               98.93               20.83               0.23                0.17                0.04                -90.67              0.1                 
64/400              32000               101.04              20.75               0.23                0.28                0.31                -82.53              0.1                 
65/400              32500               99.03               20.79               0.25                0.14                0.31                -93.55              0.1                 
66/400              33000               98.66               20.76               0.25                0.15                0.32                -91.97              0.1                 
67/400              33500               97.23               20.85               0.25                0.26                0.46                -83.68              0.1                 
68/400              34000               98.09               20.82               0.25                0.23                0.33                -86.21              0.1                 
69/400              34500               97.04               20.84               0.25                0.2                 0.55                -88.44              0.1                 
70/400              35000               101.7               20.72               0.25                0.19                0.0                 -88.96              0.1                 


Epoch               Episodes            TimeCost(sec)       Actor_Loss          Critic_Loss         Success             CollisionsAvg       ExRewardAvg         Range               
71/400              35500               100.39              20.76               0.27                0.15                0.04                -92.11              0.1                 
72/400              36000               100.37              20.87               0.27                0.24                0.35                -85.43              0.1                 
73/400              36500               97.13               20.89               0.3                 0.17                0.32                -90.71              0.1                 
74/400              37000               99.56               20.83               0.27                0.14                0.25                -93.28              0.1                 
75/400              37500               103.29              20.69               0.28                0.27                1.04                -84.38              0.1                 
76/400              38000               101.34              20.65               0.3                 0.19                0.11                -90.38              0.1                 
77/400              38500               99.85               20.75               0.3                 0.26                0.3                 -85.53              0.1                 
78/400              39000               101.53              20.62               0.3                 0.26                1.81                -86.27              0.1                 
79/400              39500               102.28              20.64               0.33                0.21                0.0                 -88.13              0.1                 
80/400              40000               101.04              16.66               0.55                0.23                0.44                -86.78              0.1                 


Epoch               Episodes            TimeCost(sec)       Actor_Loss          Critic_Loss         Success             CollisionsAvg       ExRewardAvg         Range               
81/400              40500               102.19              16.58               0.47                0.22                0.31                -87.44              0.1                 
82/400              41000               100.49              20.46               0.37                0.3                 0.0                 -82.06              0.1                 
83/400              41500               101.28              20.68               0.39                0.22                0.08                -86.56              0.1                 
84/400              42000               99.44               20.8                0.39                0.24                0.0                 -85.57              0.1                 
85/400              42500               102.45              20.73               0.39                0.16                0.17                -92.6               0.1                 
86/400              43000               104.15              20.89               0.38                0.24                0.09                -85.16              0.1                 
87/400              43500               100.27              20.9                0.38                0.2                 0.1                 -88.99              0.1                 
88/400              44000               104.65              20.91               0.38                0.25                0.09                -85.07              0.1                 
89/400              44500               100.72              20.78               0.39                0.21                0.46                -87.61              0.1                 
90/400              45000               102.74              20.62               0.4                 0.27                0.0                 -84.12              0.1                 


Epoch               Episodes            TimeCost(sec)       Actor_Loss          Critic_Loss         Success             CollisionsAvg       ExRewardAvg         Range               
91/400              45500               102.38              20.71               0.42                0.22                0.24                -86.61              0.1                 
92/400              46000               103.54              20.74               0.43                0.24                0.1                 -85.42              0.1                 
93/400              46500               103.54              20.76               0.47                0.24                0.33                -87.2               0.1                 
94/400              47000               105.36              20.74               0.47                0.27                0.19                -82.54              0.1                 
95/400              47500               106.27              20.69               0.45                0.34                0.02                -78.34              0.1                 
96/400              48000               104.6               20.73               0.55                0.27                0.01                -83.69              0.1                 
97/400              48500               106.73              20.75               0.58                0.2                 0.83                -87.65              0.1                 
98/400              49000               102.06              20.84               0.59                0.35                0.38                -79.1               0.1                 
99/400              49500               106.08              21.05               0.59                0.33                0.25                -78.53              0.1                 
100/400             50000               103.16              20.98               0.61                0.27                0.83                -82.31              0.1                 


Epoch               Episodes            TimeCost(sec)       Actor_Loss          Critic_Loss         Success             CollisionsAvg       ExRewardAvg         Range               
101/400             50500               106.29              20.9                0.7                 0.37                0.11                -74.07              0.1                 
102/400             51000               104.01              20.82               0.73                0.39                0.09                -72.52              0.1                 
103/400             51500               102.96              20.78               0.74                0.38                0.0                 -74.32              0.1                 
104/400             52000               105.18              20.98               0.82                0.37                0.0                 -75.24              0.1                 
105/400             52500               101.77              20.73               0.86                0.43                0.15                -69.01              0.1                 
106/400             53000               105.07              20.36               0.88                0.51                0.89                -64.73              0.1                 
107/400             53500               105.85              19.78               0.93                0.56                0.0                 -59.91              0.1                 
108/400             54000               108.32              19.38               0.98                0.49                0.3                 -67.71              0.1                 
109/400             54500               107.51              18.79               1.08                0.65                0.07                -55.35              0.1                 
110/400             55000               108.23              18.58               1.09                0.73                0.32                -49.96              0.1                 


Epoch               Episodes            TimeCost(sec)       Actor_Loss          Critic_Loss         Success             CollisionsAvg       ExRewardAvg         Range               
111/400             55500               105.3               17.64               1.2                 0.72                0.0                 -48.13              0.1                 
112/400             56000               111.72              16.44               1.34                0.7                 0.02                -43.02              0.1                 
113/400             56500               112.41              14.16               1.44                0.8                 0.0                 -37.47              0.1                 
114/400             57000               114.1               13.41               1.38                0.77                0.0                 -42.06              0.1                 
115/400             57500               115.12              12.18               1.44                0.9                 0.0                 -32.33              0.1                 
116/400             58000               109.21              11.51               1.38                0.36                0.05                -77.11              0.4                 
117/400             58500               112.18              11.27               1.34                0.56                0.0                 -65.63              0.4                 
118/400             59000               113.84              11.27               1.31                0.46                0.0                 -69.9               0.4                 
119/400             59500               116.96              11.24               1.28                0.78                0.29                -48.32              0.4                 
120/400             60000               116.79              10.85               1.28                0.63                0.45                -51.58              0.4                 


Epoch               Episodes            TimeCost(sec)       Actor_Loss          Critic_Loss         Success             CollisionsAvg       ExRewardAvg         Range               
121/400             60500               117.07              10.43               1.24                0.77                0.0                 -43.24              0.4                 
122/400             61000               118.62              9.65                1.21                0.83                0.01                -34.72              0.4                 
123/400             61500               116.94              8.78                1.16                0.93                0.26                -31.26              0.4                 
124/400             62000               118.13              8.21                1.13                0.41                0.79                -69.05              0.7                 
125/400             62500               116.53              7.84                1.14                0.54                0.15                -62.75              0.7                 
126/400             63000               113.1               7.91                1.09                0.57                0.09                -58.04              0.7                 
127/400             63500               117.05              8.27                1.03                0.51                1.76                -65.79              0.7                 
128/400             64000               116.21              8.23                1.02                0.51                0.63                -62.63              0.7                 
129/400             64500               115.37              7.82                1.02                0.6                 0.12                -56.25              0.7                 
130/400             65000               116.73              6.85                1.03                0.54                0.1                 -57.04              0.7                 


Epoch               Episodes            TimeCost(sec)       Actor_Loss          Critic_Loss         Success             CollisionsAvg       ExRewardAvg         Range               
131/400             65500               116.18              6.34                1.02                0.58                0.4                 -52.37              0.7                 
132/400             66000               116.13              6.15                1.02                0.71                0.11                -47.01              0.7                 
133/400             66500               120.87              6.01                0.97                0.73                0.47                -44.07              0.7                 
134/400             67000               117.3               5.95                0.96                0.76                0.2                 -34.3               0.7                 
135/400             67500               117.74              5.81                0.92                0.74                0.32                -41.27              0.7                 
136/400             68000               118.44              5.71                0.93                0.8                 0.11                -35.92              0.7                 
137/400             68500               115.15              5.57                0.9                 0.83                0.87                -36.52              0.7                 
138/400             69000               117.61              5.54                0.9                 0.83                0.12                -35.71              0.7                 
139/400             69500               118.2               5.51                0.87                0.82                0.86                -38.31              0.7                 
140/400             70000               121.36              5.36                0.84                0.89                0.31                -33.73              0.7                 


Epoch               Episodes            TimeCost(sec)       Actor_Loss          Critic_Loss         Success             CollisionsAvg       ExRewardAvg         Range               
141/400             70500               117.37              5.26                0.79                0.87                0.12                -31.35              0.7                 
142/400             71000               119.0               5.24                0.81                0.88                0.06                -31.51              0.7                 
143/400             71500               122.07              5.25                0.8                 0.91                0.02                -29.2               0.7                 
144/400             72000               117.17              5.24                0.81                0.5                 1.25                -63.03              1.0                 
145/400             72500               116.55              5.3                 0.8                 0.55                0.65                -56.18              1.0                 
146/400             73000               117.02              5.33                0.78                0.56                1.01                -57.0               1.0                 
147/400             73500               118.62              5.36                0.78                0.57                0.48                -55.72              1.0                 
148/400             74000               119.28              5.39                0.79                0.58                2.91                -55.64              1.0                 
149/400             74500               118.75              5.46                0.8                 0.66                1.58                -48.39              1.0                 
150/400             75000               114.53              5.36                0.75                0.63                0.05                -52.85              1.0                 


Epoch               Episodes            TimeCost(sec)       Actor_Loss          Critic_Loss         Success             CollisionsAvg       ExRewardAvg         Range               
151/400             75500               117.62              5.48                0.8                 0.66                0.58                -48.95              1.0                 
152/400             76000               119.41              5.52                0.78                0.67                3.37                -50.29              1.0                 
153/400             76500               119.37              5.5                 0.8                 0.71                1.04                -47.54              1.0                 
154/400             77000               121.1               5.62                0.83                0.7                 1.89                -46.55              1.0                 
155/400             77500               119.72              5.63                0.84                0.75                0.73                -44.83              1.0                 
156/400             78000               117.78              5.63                0.82                0.79                0.75                -41.95              1.0                 
157/400             78500               118.81              5.64                0.81                0.68                2.49                -47.99              1.0                 
158/400             79000               120.58              5.61                0.85                0.82                1.39                -42.32              1.0                 
159/400             79500               118.95              5.68                0.84                0.85                2.12                -38.69              1.0                 
160/400             80000               118.75              5.67                0.85                0.9                 1.5                 -33.73              1.0                 


Epoch               Episodes            TimeCost(sec)       Actor_Loss          Critic_Loss         Success             CollisionsAvg       ExRewardAvg         Range               
161/400             80500               121.55              5.63                0.82                0.9                 3.83                -35.98              1.0                 
162/400             81000               116.84              5.67                0.83                0.84                3.83                -38.59              1.0                 
163/400             81500               117.7               5.76                0.81                0.85                5.69                -40.01              1.0                 
164/400             82000               119.67              5.81                0.86                0.74                8.17                -49.41              1.0                 
165/400             82500               123.63              5.84                0.81                0.81                8.16                -45.56              1.0                 
166/400             83000               116.62              5.86                0.9                 0.77                6.21                -46.45              1.0                 
167/400             83500               120.52              5.87                0.88                0.85                4.78                -40.7               1.0                 
168/400             84000               120.67              5.92                0.84                0.82                4.62                -39.36              1.0                 
169/400             84500               122.36              5.98                0.92                0.85                4.89                -39.07              1.0                 
170/400             85000               120.38              5.98                0.88                0.85                5.97                -38.78              1.0                 


Epoch               Episodes            TimeCost(sec)       Actor_Loss          Critic_Loss         Success             CollisionsAvg       ExRewardAvg         Range               
171/400             85500               122.51              5.93                0.84                0.82                7.98                -45.18              1.0                 
172/400             86000               116.63              6.0                 0.89                0.82                6.67                -40.51              1.0                 
173/400             86500               120.49              6.0                 0.88                0.88                4.82                -38.96              1.0                 
174/400             87000               118.77              5.98                0.88                0.82                6.93                -44.11              1.0                 
175/400             87500               118.75              5.95                0.85                0.81                7.91                -47.12              1.0                 
176/400             88000               119.6               6.09                0.87                0.8                 4.98                -43.1               1.0                 
177/400             88500               123.59              6.17                0.88                0.83                4.8                 -38.36              1.0                 
178/400             89000               121.55              6.25                0.93                0.85                5.85                -42.03              1.0                 
179/400             89500               120.5               6.3                 0.91                0.9                 2.74                -36.42              1.0                 
180/400             90000               116.35              6.35                0.94                0.9                 4.1                 -35.68              1.0                 


Epoch               Episodes            TimeCost(sec)       Actor_Loss          Critic_Loss         Success             CollisionsAvg       ExRewardAvg         Range               
181/400             90500               120.57              6.43                0.9                 0.87                3.81                -36.8               1.0                 
182/400             91000               121.51              6.45                0.91                0.84                4.72                -38.6               1.0                 
183/400             91500               119.43              6.48                0.93                0.82                4.84                -41.93              1.0                 
184/400             92000               117.58              6.51                0.97                0.84                6.9                 -40.68              1.0                 
185/400             92500               120.52              6.61                0.98                0.94                2.85                -32.22              1.0                 
186/400             93000               120.44              6.48                1.02                0.93                3.78                -36.92              1.0                 
187/400             93500               120.3               6.5                 0.92                0.89                4.97                -37.3               1.0                 
188/400             94000               120.27              6.51                0.9                 0.87                4.48                -39.26              1.0                 
189/400             94500               119.32              6.61                0.93                0.84                6.82                -41.41              1.0                 
190/400             95000               119.92              6.53                0.88                0.87                2.95                -37.3               1.0                 


Epoch               Episodes            TimeCost(sec)       Actor_Loss          Critic_Loss         Success             CollisionsAvg       ExRewardAvg         Range               
191/400             95500               122.1               6.45                0.82                0.9                 2.12                -32.18              1.0                 
192/400             96000               119.88              6.56                0.88                0.91                1.95                -33.03              1.0                 
193/400             96500               119.43              6.6                 0.89                0.88                2.17                -32.19              1.0                 
194/400             97000               119.54              6.61                0.98                0.88                4.03                -36.63              1.0                 
195/400             97500               119.23              6.57                0.95                0.9                 2.21                -35.96              1.0                 
196/400             98000               119.01              6.55                1.01                0.82                6.62                -40.07              1.0                 
197/400             98500               117.36              6.49                0.93                0.88                2.74                -34.73              1.0                 
198/400             99000               122.87              6.47                0.95                0.9                 3.34                -34.39              1.0                 
199/400             99500               121.97              6.52                0.97                0.89                3.91                -36.52              1.0                 
200/400             100000              117.96              6.54                1.0                 0.8                 6.51                -41.99              1.0                 


Epoch               Episodes            TimeCost(sec)       Actor_Loss          Critic_Loss         Success             CollisionsAvg       ExRewardAvg         Range               
201/400             100500              122.53              6.57                1.0                 0.87                4.01                -36.82              1.0                 
202/400             101000              120.32              6.56                0.93                0.93                2.56                -32.23              1.0                 
203/400             101500              118.7               6.53                0.98                0.9                 4.47                -35.31              1.0                 
204/400             102000              119.38              6.55                0.98                0.86                3.73                -35.27              1.0                 
205/400             102500              120.37              6.55                0.99                0.9                 4.36                -37.49              1.0                 
206/400             103000              120.99              6.55                0.97                0.92                3.48                -33.63              1.0                 
207/400             103500              119.84              6.54                0.95                0.87                3.01                -37.8               1.0                 
208/400             104000              121.85              6.56                1.02                0.89                4.01                -34.29              1.0                 
209/400             104500              120.96              6.67                1.04                0.93                3.56                -33.96              1.0                 
210/400             105000              120.25              6.56                1.02                0.92                2.86                -32.77              1.0                 


Epoch               Episodes            TimeCost(sec)       Actor_Loss          Critic_Loss         Success             CollisionsAvg       ExRewardAvg         Range               
211/400             105500              120.05              6.59                1.01                0.85                5.16                -39.83              1.0                 
212/400             106000              122.06              6.55                0.98                0.86                5.67                -37.79              1.0                 
213/400             106500              120.15              6.55                0.96                0.91                2.76                -32.87              1.0                 
214/400             107000              122.62              6.55                0.97                0.85                4.58                -38.63              1.0                 
215/400             107500              124.5               6.57                0.94                0.86                4.57                -37.4               1.0                 
216/400             108000              119.12              6.56                1.01                0.93                4.57                -33.98              1.0                 
217/400             108500              121.53              6.55                0.96                0.86                4.35                -39.58              1.0                 
218/400             109000              121.95              6.68                1.05                0.91                2.74                -35.46              1.0                 
219/400             109500              121.02              6.58                1.04                0.87                4.59                -36.41              1.0                 
220/400             110000              120.52              6.57                0.99                0.88                3.52                -33.98              1.0                 


Epoch               Episodes            TimeCost(sec)       Actor_Loss          Critic_Loss         Success             CollisionsAvg       ExRewardAvg         Range               
221/400             110500              118.24              6.58                0.98                0.91                4.73                -35.05              1.0                 
222/400             111000              119.06              6.49                1.01                0.9                 4.22                -34.16              1.0                 
223/400             111500              122.31              6.37                0.8                 0.87                3.28                -37.24              1.0                 
224/400             112000              120.91              6.53                1.02                0.79                4.92                -41.54              1.0                 
225/400             112500              122.46              6.49                1.0                 0.79                4.16                -42.62              1.0                 
226/400             113000              124.09              6.43                0.88                0.88                3.62                -38.27              1.0                 
227/400             113500              121.36              6.47                0.91                0.93                2.91                -31.71              1.0                 
228/400             114000              123.21              6.56                0.95                0.86                6.31                -38.16              1.0                 
229/400             114500              119.39              6.61                0.98                0.89                3.47                -33.64              1.0                 
230/400             115000              123.77              6.58                1.0                 0.84                7.03                -43.78              1.0                 


Epoch               Episodes            TimeCost(sec)       Actor_Loss          Critic_Loss         Success             CollisionsAvg       ExRewardAvg         Range               
231/400             115500              120.91              6.68                1.01                0.84                5.57                -40.56              1.0                 
232/400             116000              118.97              6.61                0.97                0.85                5.99                -40.0               1.0                 
233/400             116500              120.65              6.54                0.91                0.86                4.09                -34.95              1.0                 
234/400             117000              122.52              6.62                1.03                0.87                3.04                -36.21              1.0                 
235/400             117500              118.95              6.61                1.04                0.9                 2.86                -33.26              1.0                 
236/400             118000              121.74              6.62                1.0                 0.86                4.49                -40.82              1.0                 
237/400             118500              121.17              6.55                1.03                0.91                3.78                -36.03              1.0                 
238/400             119000              122.45              6.57                0.93                0.89                3.29                -32.98              1.0                 
239/400             119500              124.26              6.48                0.85                0.86                4.02                -40.27              1.0                 
240/400             120000              120.45              6.49                0.87                0.92                4.2                 -37.05              1.0                 


Epoch               Episodes            TimeCost(sec)       Actor_Loss          Critic_Loss         Success             CollisionsAvg       ExRewardAvg         Range               
241/400             120500              121.9               6.37                0.8                 0.9                 3.64                -36.25              1.0                 
242/400             121000              117.7               6.52                0.97                0.89                3.79                -36.9               1.0                 
243/400             121500              121.84              6.47                0.94                0.9                 5.46                -37.47              1.0                 
244/400             122000              122.8               6.51                0.95                0.83                4.16                -38.01              1.0                 
245/400             122500              122.62              6.56                1.02                0.87                3.5                 -35.11              1.0                 
246/400             123000              118.58              6.5                 1.0                 0.92                2.58                -31.64              1.0                 
247/400             123500              120.36              6.44                0.97                0.86                3.55                -38.05              1.0                 
248/400             124000              122.02              6.48                1.0                 0.92                2.21                -33.69              1.0                 
249/400             124500              122.61              6.55                1.0                 0.88                3.46                -35.53              1.0                 
250/400             125000              123.02              6.51                0.97                0.86                4.53                -39.7               1.0                 


Epoch               Episodes            TimeCost(sec)       Actor_Loss          Critic_Loss         Success             CollisionsAvg       ExRewardAvg         Range               
251/400             125500              118.72              6.5                 0.96                0.94                2.09                -32.84              1.0                 
252/400             126000              121.24              6.41                1.0                 0.88                3.97                -36.33              1.0                 
253/400             126500              119.22              6.41                0.94                0.89                4.27                -37.32              1.0                 
254/400             127000              120.75              6.38                0.93                0.88                5.45                -38.98              1.0                 
255/400             127500              121.21              6.46                0.95                0.92                1.95                -32.33              1.0                 
256/400             128000              121.32              6.42                0.94                0.91                2.04                -34.89              1.0                 
257/400             128500              122.01              6.42                0.95                0.9                 3.1                 -33.36              1.0                 
258/400             129000              122.72              6.52                0.99                0.9                 2.09                -33.26              1.0                 
259/400             129500              121.89              6.51                0.94                0.87                4.67                -35.52              1.0                 
260/400             130000              122.45              6.49                0.96                0.89                4.95                -34.7               1.0                 


Epoch               Episodes            TimeCost(sec)       Actor_Loss          Critic_Loss         Success             CollisionsAvg       ExRewardAvg         Range               
261/400             130500              120.51              6.5                 0.99                0.88                2.44                -33.04              1.0                 
262/400             131000              121.77              6.47                0.98                0.92                3.18                -33.79              1.0                 
263/400             131500              124.18              6.41                0.95                0.9                 3.15                -35.63              1.0                 
264/400             132000              123.99              6.36                0.95                0.89                3.52                -34.57              1.0                 
265/400             132500              122.51              6.42                0.98                0.94                1.55                -31.87              1.0                 
266/400             133000              121.12              6.43                0.97                0.9                 3.33                -36.13              1.0                 
267/400             133500              120.9               6.41                0.99                0.93                3.53                -34.47              1.0                 
268/400             134000              124.06              6.42                1.05                0.93                3.57                -35.14              1.0                 
269/400             134500              116.71              6.31                0.86                0.9                 4.41                -36.16              1.0                 
270/400             135000              120.31              6.46                0.98                0.92                2.82                -34.21              1.0                 


Epoch               Episodes            TimeCost(sec)       Actor_Loss          Critic_Loss         Success             CollisionsAvg       ExRewardAvg         Range               
271/400             135500              119.56              6.46                0.99                0.82                3.83                -38.84              1.0                 
272/400             136000              122.96              6.5                 0.96                0.91                3.69                -34.4               1.0                 
273/400             136500              124.22              6.4                 0.96                0.88                5.29                -37.04              1.0                 
274/400             137000              120.31              6.32                0.91                0.85                3.73                -38.99              1.0                 
275/400             137500              119.88              6.44                0.99                0.89                4.16                -35.78              1.0                 
276/400             138000              125.18              6.45                0.96                0.91                5.36                -35.96              1.0                 
277/400             138500              122.48              6.47                0.95                0.9                 3.31                -32.33              1.0                 
278/400             139000              122.89              6.47                0.99                0.91                3.05                -33.04              1.0                 
279/400             139500              120.1               6.42                0.89                0.89                3.75                -35.94              1.0                 
280/400             140000              123.23              6.49                1.04                0.89                3.91                -35.45              1.0                 


Epoch               Episodes            TimeCost(sec)       Actor_Loss          Critic_Loss         Success             CollisionsAvg       ExRewardAvg         Range               
281/400             140500              123.36              6.47                1.0                 0.92                2.94                -34.46              1.0                 
282/400             141000              123.02              6.48                0.97                0.92                2.85                -32.87              1.0                 
283/400             141500              124.22              6.48                0.95                0.89                3.34                -33.53              1.0                 
284/400             142000              123.52              6.44                0.94                0.89                3.24                -34.92              1.0                 
285/400             142500              120.86              6.4                 1.02                0.94                2.78                -32.17              1.0                 
286/400             143000              119.35              6.45                0.96                0.92                3.02                -31.39              1.0                 
287/400             143500              121.35              6.51                1.02                0.9                 3.03                -35.09              1.0                 
288/400             144000              121.25              6.31                0.8                 0.81                3.41                -38.93              1.0                 
289/400             144500              120.77              6.38                0.96                0.94                2.26                -30.78              1.0                 
290/400             145000              124.03              6.47                1.01                0.93                2.06                -33.32              1.0                 


Epoch               Episodes            TimeCost(sec)       Actor_Loss          Critic_Loss         Success             CollisionsAvg       ExRewardAvg         Range               
291/400             145500              119.09              6.46                1.01                0.9                 3.17                -33.67              1.0                 
292/400             146000              119.08              6.5                 1.02                0.89                2.89                -35.61              1.0                 
293/400             146500              119.92              6.45                1.04                0.87                5.04                -36.65              1.0                 
294/400             147000              121.1               6.54                1.03                0.89                3.37                -35.02              1.0                 
295/400             147500              121.46              6.49                0.98                0.87                5.84                -38.75              1.0                 
296/400             148000              123.29              6.55                1.0                 0.91                2.97                -35.56              1.0                 
297/400             148500              124.74              6.48                0.98                0.86                5.2                 -38.86              1.0                 
298/400             149000              123.56              6.46                0.99                0.88                5.77                -41.61              1.0                 
299/400             149500              118.39              6.51                1.02                0.89                3.57                -38.53              1.0                 
300/400             150000              121.19              6.52                1.02                0.85                6.02                -42.94              1.0                 


Epoch               Episodes            TimeCost(sec)       Actor_Loss          Critic_Loss         Success             CollisionsAvg       ExRewardAvg         Range               
301/400             150500              122.63              6.45                0.93                0.86                3.59                -38.05              1.0                 
302/400             151000              122.5               6.58                1.05                0.9                 3.36                -34.97              1.0                 
303/400             151500              122.08              6.43                0.95                0.87                5.18                -39.75              1.0                 
304/400             152000              121.65              6.38                0.99                0.89                2.79                -33.45              1.0                 
305/400             152500              121.02              6.33                1.02                0.86                4.61                -36.34              1.0                 
306/400             153000              123.24              6.4                 1.02                0.93                4.06                -34.56              1.0                 
307/400             153500              122.5               6.44                1.01                0.84                3.66                -36.01              1.0                 
308/400             154000              122.23              6.52                0.98                0.88                4.48                -37.62              1.0                 
309/400             154500              119.66              6.5                 1.01                0.92                2.87                -32.6               1.0                 
310/400             155000              119.93              6.46                0.99                0.92                3.06                -32.8               1.0                 


Epoch               Episodes            TimeCost(sec)       Actor_Loss          Critic_Loss         Success             CollisionsAvg       ExRewardAvg         Range               
311/400             155500              123.06              6.34                0.87                0.88                3.36                -34.56              1.0                 
312/400             156000              121.87              6.52                1.0                 0.9                 3.06                -34.55              1.0                 
313/400             156500              123.96              6.42                0.97                0.87                3.42                -36.41              1.0                 
314/400             157000              122.1               6.44                1.03                0.92                2.42                -34.37              1.0                 
315/400             157500              122.9               6.37                0.88                0.95                2.42                -33.15              1.0                 
316/400             158000              122.42              6.37                0.83                0.92                4.94                -35.24              1.0                 
317/400             158500              121.53              6.36                0.85                0.95                2.05                -30.93              1.0                 
318/400             159000              122.69              6.43                0.89                0.86                4.1                 -38.66              1.0                 
319/400             159500              122.44              6.38                0.83                0.84                6.46                -38.13              1.0                 
320/400             160000              123.49              6.28                0.76                0.88                3.2                 -35.69              1.0                 


Epoch               Episodes            TimeCost(sec)       Actor_Loss          Critic_Loss         Success             CollisionsAvg       ExRewardAvg         Range               
321/400             160500              123.16              6.25                0.74                0.95                2.57                -30.69              1.0                 
