tag: 
learn: normal
env: FrankaMazeEnv
render: True
scenario: lift_maze
control_mode: ik_controller
model_path: /home/qiao/RL-Dyn-Env-main/log/FrankaMazeEnv-v1-lift_maze/final_cma
play_epoch: best
epochs: 200
cycles: 50
num_envs: 10
train_batches: 50
batch_size: 256
timesteps: 100
env_n_substeps: 100
num_obst: 1
gamma: 0.98
pi_lr: 0.001
q_lr: 0.001
act_l2: 1.0
polyak: 0.95
actor_layer_sizes: [512, 256, 128]
actor_batch_norm: [False, False, False]
critic_layer_sizes: [512, 256, 128]
critic_batch_norm: [False, False, False]
obj_lost_reward: -0.3
collision_reward: -0.5
clip_return: True
reward_min: -1.0
reward_max: 0.0
eps_act: 0.3
std_act: 0.2
buffer_size: 20000
buffer_type: energy
her: future
her_ratio: 0.8
pool_rule: full
goal_based: True
cur_acc: 0.0
obs_dims: [82]
acts_dims: [4]
compute_reward: <bound method FrankaMazeEnv.compute_reward of <envs.franka_maze_env.FrankaMazeEnv object at 0x7f61303548e0>>
*** agent initialization complete ***
*** tester initialization complete ***


Epoch               Episodes            TimeCost(sec)       Actor_Loss          Critic_Loss         Success             CollisionsAvg       ExRewardAvg         Range               
1/200               500                 265.87              13.09               0.39                0.0                 0.0                 -130.0              0.1                 
2/200               1000                271.06              12.82               0.53                0.05                6.55                -121.18             0.1                 
3/200               1500                291.45              12.88               0.48                0.6                 5.78                -99.29              0.1                 
4/200               2000                291.15              12.16               0.4                 0.47                6.9                 -100.03             0.1                 
5/200               2500                301.0               12.41               0.4                 0.92                4.84                -88.6               0.1                 
6/200               3000                299.18              12.1                0.41                0.88                4.07                -82.53              0.1                 
7/200               3500                303.82              12.5                0.4                 0.85                10.34               -85.3               0.1                 
8/200               4000                301.97              12.49               0.38                0.8                 5.75                -94.48              0.1                 
