tag: 
learn: normal
env: RandDynObstEnv-v1
render: True
scenario: lift_drawer_2
control_mode: position
model_path: /home/qiao/RL-Dyn-Env-main/log/RandDynObstEnv-v1/drawer
play_epoch: best
epochs: 150
cycles: 50
num_envs: 10
train_batches: 50
batch_size: 256
timesteps: 80
env_n_substeps: 80
num_obst: 1
gamma: 0.98
pi_lr: 0.001
q_lr: 0.001
act_l2: 1.0
polyak: 0.95
actor_layer_sizes: [512, 256, 128]
actor_batch_norm: [False, False, False]
critic_layer_sizes: [512, 256, 128]
critic_batch_norm: [False, False, False]
obj_lost_reward: -0.3
collision_reward: -0.5
clip_return: True
reward_min: -1.0
reward_max: 0.0
eps_act: 0.3
std_act: 0.2
buffer_size: 20000
buffer_type: energy
her: future
her_ratio: 0.8
pool_rule: full
goal_based: True
cur_acc: 0.0
obs_dims: [82]
acts_dims: [4]
compute_reward: <bound method RandDynObstEnv.compute_reward of <envs.rand_dyn_env.RandDynObstEnv object at 0x7f3113904460>>
*** agent initialization complete ***
*** tester initialization complete ***


Epoch               Episodes            TimeCost(sec)       Actor_Loss          Critic_Loss         Success             CollisionsAvg       ExRewardAvg         Range               
1/150               500                 163.49              14.43               0.82                0.0                 5.66                -106.82             0.1                 
2/150               1000                160.59              15.83               0.66                0.0                 0.34                -104.17             0.1                 
3/150               1500                193.4               16.46               0.7                 0.03                27.98               -117.05             0.1                 
4/150               2000                170.09              17.25               0.74                0.0                 11.51               -109.72             0.1                 
5/150               2500                195.22              17.84               0.89                0.05                39.34               -122.04             0.1                 
6/150               3000                185.81              17.83               1.01                0.0                 8.86                -107.67             0.1                 
7/150               3500                154.14              14.6                1.2                 0.0                 0.0                 -104.0              0.1                 
8/150               4000                147.61              15.71               0.99                0.0                 1.93                -104.95             0.1                 
9/150               4500                182.74              15.47               1.05                0.07                18.41               -109.47             0.1                 
10/150              5000                170.21              15.81               1.02                0.0                 0.56                -104.11             0.1                 


Epoch               Episodes            TimeCost(sec)       Actor_Loss          Critic_Loss         Success             CollisionsAvg       ExRewardAvg         Range               
11/150              5500                169.86              15.65               1.04                0.02                11.0                -107.79             0.1                 
12/150              6000                174.64              16.95               0.98                0.05                20.86               -112.59             0.1                 
13/150              6500                169.28              17.02               0.96                0.06                13.77               -107.19             0.1                 
14/150              7000                173.46              15.51               1.1                 0.23                16.23               -100.86             0.1                 
15/150              7500                174.15              15.96               1.19                0.08                14.38               -107.09             0.1                 
16/150              8000                181.51              15.94               1.23                0.11                22.21               -110.6              0.1                 
17/150              8500                156.4               15.17               1.01                0.0                 2.13                -105.06             0.1                 
18/150              9000                164.11              16.26               1.2                 0.07                11.33               -106.45             0.1                 
19/150              9500                152.77              17.13               1.08                0.02                6.09                -106.37             0.1                 
20/150              10000               165.48              17.55               1.08                0.0                 0.0                 -104.0              0.1                 


Epoch               Episodes            TimeCost(sec)       Actor_Loss          Critic_Loss         Success             CollisionsAvg       ExRewardAvg         Range               
21/150              10500               167.09              18.08               1.05                0.0                 2.32                -105.14             0.1                 
22/150              11000               170.35              18.17               1.01                0.0                 0.92                -104.46             0.1                 
23/150              11500               171.52              17.34               1.04                0.07                15.36               -108.37             0.1                 
24/150              12000               173.67              18.04               1.0                 0.07                9.97                -105.57             0.1                 
25/150              12500               180.4               18.65               1.0                 0.17                32.62               -110.18             0.1                 
26/150              13000               174.28              17.05               1.06                0.14                11.3                -101.02             0.1                 
27/150              13500               178.38              17.04               1.11                0.26                17.33               -97.63              0.1                 
28/150              14000               175.69              17.14               1.09                0.12                11.84               -102.27             0.1                 
29/150              14500               170.1               17.26               1.21                0.01                28.23               -117.08             0.1                 
30/150              15000               179.82              17.12               1.18                0.32                16.61               -93.52              0.1                 


Epoch               Episodes            TimeCost(sec)       Actor_Loss          Critic_Loss         Success             CollisionsAvg       ExRewardAvg         Range               
31/150              15500               178.2               17.54               1.16                0.12                16.93               -104.6              0.1                 
32/150              16000               169.41              17.93               1.16                0.13                14.92               -103.73             0.1                 
33/150              16500               172.55              17.74               1.2                 0.25                19.27               -100.63             0.1                 
34/150              17000               173.49              18.18               1.23                0.12                9.8                 -99.9               0.1                 
35/150              17500               177.09              16.9                0.98                0.04                5.24                -94.58              0.1                 
36/150              18000               173.87              17.34               1.12                0.04                14.11               -107.63             0.1                 
37/150              18500               166.18              18.67               1.0                 0.29                13.13               -92.4               0.1                 
38/150              19000               174.78              18.5                1.11                0.45                16.41               -89.14              0.1                 
39/150              19500               172.0               17.92               1.13                0.13                20.65               -105.32             0.1                 
40/150              20000               176.24              17.61               1.18                0.39                21.91               -91.78              0.1                 


Epoch               Episodes            TimeCost(sec)       Actor_Loss          Critic_Loss         Success             CollisionsAvg       ExRewardAvg         Range               
41/150              20500               170.55              16.47               1.22                0.37                11.34               -87.91              0.1                 
42/150              21000               175.47              17.48               1.17                0.23                19.24               -98.47              0.1                 
43/150              21500               172.15              17.09               1.16                0.2                 24.35               -105.56             0.1                 
44/150              22000               168.51              17.88               1.1                 0.33                21.51               -94.48              0.1                 
45/150              22500               168.36              17.35               1.14                0.51                20.59               -84.32              0.1                 
46/150              23000               169.98              17.47               1.1                 0.19                24.59               -104.35             0.1                 
47/150              23500               164.46              16.61               1.2                 0.61                9.51                -74.33              0.1                 
48/150              24000               169.88              16.52               1.24                0.47                18.39               -81.42              0.1                 
49/150              24500               172.57              16.14               1.2                 0.36                16.16               -89.23              0.1                 
50/150              25000               167.82              16.45               1.21                0.3                 9.39                -91.29              0.1                 


Epoch               Episodes            TimeCost(sec)       Actor_Loss          Critic_Loss         Success             CollisionsAvg       ExRewardAvg         Range               
51/150              25500               173.37              16.36               1.17                0.18                18.44               -97.19              0.1                 
52/150              26000               165.82              16.79               1.14                0.81                7.38                -59.15              0.1                 
53/150              26500               163.37              16.87               1.19                0.59                5.0                 -69.85              0.1                 
54/150              27000               166.25              17.41               1.17                0.82                6.63                -62.15              0.1                 
55/150              27500               168.13              15.75               1.1                 0.67                11.01               -69.51              0.1                 
56/150              28000               166.3               16.34               0.98                0.72                9.96                -67.86              0.1                 
57/150              28500               166.35              16.25               0.94                0.76                1.84                -57.25              0.1                 
58/150              29000               169.25              15.62               1.06                0.87                4.55                -56.54              0.1                 
59/150              29500               166.71              15.08               1.08                0.74                5.9                 -64.22              0.1                 
60/150              30000               170.92              15.77               1.11                0.63                10.71               -71.6               0.1                 


Epoch               Episodes            TimeCost(sec)       Actor_Loss          Critic_Loss         Success             CollisionsAvg       ExRewardAvg         Range               
61/150              30500               168.62              16.54               1.12                0.72                4.11                -65.33              0.1                 
62/150              31000               170.92              16.18               1.1                 0.62                3.1                 -71.54              0.1                 
63/150              31500               167.89              15.21               1.14                0.58                10.43               -76.93              0.1                 
64/150              32000               165.77              15.31               1.06                0.35                2.76                -86.51              0.1                 
65/150              32500               169.25              15.63               1.08                0.84                4.65                -58.21              0.1                 
66/150              33000               171.5               15.97               1.08                0.82                4.61                -61.73              0.1                 
67/150              33500               173.17              16.66               1.08                0.92                5.76                -56.12              0.1                 
68/150              34000               170.13              16.47               1.02                0.86                8.41                -56.47              0.1                 
69/150              34500               176.32              15.75               0.89                0.71                5.54                -65.83              0.1                 
70/150              35000               169.74              16.0                0.95                0.88                6.44                -52.48              0.1                 


Epoch               Episodes            TimeCost(sec)       Actor_Loss          Critic_Loss         Success             CollisionsAvg       ExRewardAvg         Range               
71/150              35500               169.79              14.02               1.01                0.87                2.12                -55.39              0.1                 
72/150              36000               169.22              14.75               0.89                0.94                6.09                -49.67              0.1                 
73/150              36500               171.06              13.06               1.01                0.92                6.02                -54.81              0.1                 
74/150              37000               174.72              12.88               0.99                0.98                6.6                 -58.3               0.1                 
75/150              37500               169.29              12.7                1.04                0.98                1.33                -44.75              0.1                 
76/150              38000               170.48              13.91               0.92                0.87                3.19                -51.36              0.1                 
77/150              38500               172.6               14.85               0.96                0.95                7.3                 -48.91              0.1                 
78/150              39000               169.83              13.5                1.0                 0.9                 6.31                -56.48              0.1                 
79/150              39500               168.17              13.98               0.9                 0.95                4.73                -50.82              0.1                 
80/150              40000               170.09              13.29               0.87                0.93                4.67                -51.73              0.1                 


Epoch               Episodes            TimeCost(sec)       Actor_Loss          Critic_Loss         Success             CollisionsAvg       ExRewardAvg         Range               
81/150              40500               171.2               13.55               0.84                0.91                6.45                -54.77              0.1                 
82/150              41000               175.03              14.64               0.89                0.99                4.41                -47.08              0.1                 
83/150              41500               172.94              15.55               0.82                0.88                5.23                -50.33              0.1                 
84/150              42000               170.63              15.9                0.78                0.93                6.3                 -54.35              0.1                 
85/150              42500               170.95              14.76               0.77                0.9                 3.73                -50.1               0.1                 
86/150              43000               168.38              14.94               0.82                0.94                3.31                -47.95              0.1                 
87/150              43500               173.83              15.0                0.83                0.97                6.36                -49.26              0.1                 
88/150              44000               173.9               14.63               0.8                 0.98                4.27                -44.91              0.1                 
89/150              44500               175.48              15.53               0.78                0.83                6.4                 -54.27              0.1                 
90/150              45000               171.17              15.67               0.79                0.92                5.47                -48.39              0.1                 


Epoch               Episodes            TimeCost(sec)       Actor_Loss          Critic_Loss         Success             CollisionsAvg       ExRewardAvg         Range               
91/150              45500               178.18              14.89               0.83                0.28                16.89               -85.5               0.1                 
92/150              46000               173.78              15.61               0.8                 0.93                5.27                -48.74              0.1                 
93/150              46500               174.83              15.46               0.81                0.92                3.5                 -48.77              0.1                 
94/150              47000               172.86              15.19               0.81                1.0                 2.45                -46.33              0.1                 
95/150              47500               169.44              15.32               0.76                1.0                 1.71                -42.09              0.1                 
96/150              48000               166.44              15.53               0.71                0.96                0.65                -42.15              0.1                 
97/150              48500               167.29              16.22               0.72                0.96                2.1                 -44.04              0.1                 
98/150              49000               167.25              16.12               0.72                0.99                0.68                -40.37              0.1                 
99/150              49500               169.74              16.38               0.7                 0.98                0.95                -49.61              0.1                 
100/150             50000               170.42              16.29               0.76                0.93                4.31                -48.58              0.1                 


Epoch               Episodes            TimeCost(sec)       Actor_Loss          Critic_Loss         Success             CollisionsAvg       ExRewardAvg         Range               
101/150             50500               169.06              16.41               0.76                0.94                5.9                 -51.0               0.1                 
102/150             51000               171.54              16.17               0.73                0.98                1.91                -42.41              0.1                 
103/150             51500               169.94              16.07               0.78                0.93                4.47                -47.85              0.1                 
104/150             52000               173.15              15.9                0.75                0.97                2.99                -46.25              0.1                 
105/150             52500               168.84              16.09               0.73                1.0                 1.77                -43.05              0.1                 
106/150             53000               169.58              16.09               0.75                0.99                1.86                -43.46              0.1                 
107/150             53500               167.0               16.29               0.75                1.0                 1.6                 -42.19              0.1                 
108/150             54000               168.57              16.24               0.76                0.81                5.89                -60.76              0.1                 
109/150             54500               168.48              16.38               0.71                0.99                2.07                -40.87              0.1                 
110/150             55000               168.62              14.85               0.8                 1.0                 1.2                 -41.56              0.1                 


Epoch               Episodes            TimeCost(sec)       Actor_Loss          Critic_Loss         Success             CollisionsAvg       ExRewardAvg         Range               
111/150             55500               172.97              15.82               0.75                1.0                 0.71                -41.52              0.1                 
112/150             56000               170.0               12.77               0.87                1.0                 0.78                -40.24              0.1                 
113/150             56500               169.7               14.06               0.72                0.99                2.47                -42.01              0.1                 
114/150             57000               166.4               15.27               0.75                0.96                1.53                -42.75              0.1                 
115/150             57500               170.54              15.11               0.73                1.0                 0.93                -39.75              0.1                 
116/150             58000               170.59              15.88               0.74                1.0                 1.36                -41.54              0.1                 
117/150             58500               167.76              15.74               0.74                1.0                 1.21                -39.26              0.1                 
118/150             59000               169.15              15.78               0.69                1.0                 2.62                -43.21              0.1                 
119/150             59500               169.43              15.87               0.7                 1.0                 1.08                -39.05              0.1                 
120/150             60000               169.1               16.0                0.72                0.98                2.32                -41.78              0.1                 


Epoch               Episodes            TimeCost(sec)       Actor_Loss          Critic_Loss         Success             CollisionsAvg       ExRewardAvg         Range               
121/150             60500               168.13              15.83               0.71                1.0                 1.37                -38.86              0.1                 
122/150             61000               168.25              16.1                0.68                0.95                3.46                -47.78              0.1                 
123/150             61500               171.15              16.07               0.68                1.0                 2.58                -42.04              0.1                 
124/150             62000               169.12              16.05               0.69                1.0                 2.31                -41.54              0.1                 
125/150             62500               168.57              16.29               0.68                0.98                3.11                -42.57              0.1                 
126/150             63000               168.87              16.53               0.68                0.99                1.7                 -41.8               0.1                 
127/150             63500               169.45              15.9                0.66                0.98                1.99                -43.12              0.1                 
128/150             64000               167.02              16.57               0.65                1.0                 1.86                -39.45              0.1                 
129/150             64500               168.23              16.52               0.64                0.96                3.03                -46.55              0.1                 
130/150             65000               167.66              14.41               0.73                0.93                2.84                -46.09              0.1                 


Epoch               Episodes            TimeCost(sec)       Actor_Loss          Critic_Loss         Success             CollisionsAvg       ExRewardAvg         Range               
131/150             65500               170.46              14.49               0.7                 1.0                 0.7                 -39.5               0.1                 
132/150             66000               170.44              16.66               0.65                1.0                 1.21                -41.06              0.1                 
133/150             66500               172.45              15.76               0.68                0.94                2.93                -46.1               0.1                 
134/150             67000               169.8               14.86               0.7                 1.0                 1.36                -40.14              0.1                 
135/150             67500               170.03              15.71               0.66                1.0                 1.0                 -40.89              0.1                 
136/150             68000               172.44              15.23               0.69                0.99                1.93                -41.85              0.1                 
137/150             68500               169.44              15.52               0.66                0.99                1.0                 -39.76              0.1                 
138/150             69000               168.17              14.92               0.66                0.96                2.74                -42.61              0.1                 
139/150             69500               172.11              14.35               0.68                1.0                 1.05                -39.87              0.1                 
140/150             70000               166.84              14.58               0.62                0.97                1.71                -41.92              0.1                 


Epoch               Episodes            TimeCost(sec)       Actor_Loss          Critic_Loss         Success             CollisionsAvg       ExRewardAvg         Range               
141/150             70500               171.19              14.74               0.63                1.0                 0.83                -38.67              0.1                 
142/150             71000               169.23              15.74               0.63                1.0                 1.21                -40.31              0.1                 
143/150             71500               170.0               15.73               0.61                1.0                 0.75                -38.38              0.1                 
144/150             72000               173.2               15.4                0.65                0.93                6.6                 -48.52              0.1                 
145/150             72500               170.64              16.25               0.61                1.0                 0.98                -38.46              0.1                 
146/150             73000               166.89              16.39               0.6                 1.0                 1.0                 -39.87              0.1                 
147/150             73500               168.98              16.95               0.6                 1.0                 0.94                -39.4               0.1                 
148/150             74000               170.02              15.94               0.64                0.99                2.11                -43.23              0.1                 
149/150             74500               169.65              16.01               0.61                1.0                 1.16                -40.2               0.1                 
150/150             75000               167.46              16.37               0.6                 0.64                13.23               -68.6               0.1                 
